2024-06-23 16:19:03 [32minfo[39m: Server is running on port 4000
2024-06-23 16:19:39 [32minfo[39m: Server is running on port 4000
2024-06-23 20:46:35 [32minfo[39m: Firebase connected...
2024-06-24 09:10:23 [32minfo[39m: Firebase connected...
2024-06-24 09:13:53 [32minfo[39m: Firebase connected...
2024-06-24 09:13:53 [32minfo[39m: Firebase Notification connected...
2024-06-24 09:13:54 [32minfo[39m: Server started on port 4000
2024-06-24 09:14:20 [33mwarn[39m: Email already in use
2024-06-24 09:14:34 [32minfo[39m: User logged in successfully
2024-06-24 11:43:43 [32minfo[39m: Firebase connected...
2024-06-24 11:43:44 [32minfo[39m: Firebase Notification connected...
2024-06-24 11:43:46 [32minfo[39m: Server started on port 4000
2024-06-24 11:44:17 [33mwarn[39m: Email already in use
2024-06-24 11:44:28 [32minfo[39m: User logged in successfully
2024-06-24 11:47:40 [33mwarn[39m: Email already in use
2024-06-24 11:52:49 [33mwarn[39m: Email already in use
2024-06-25 10:45:26 [32minfo[39m: Firebase connected...
2024-06-25 10:45:26 [32minfo[39m: Firebase Notification connected...
2024-06-25 10:48:03 [32minfo[39m: Firebase connected...
2024-06-25 10:48:03 [32minfo[39m: Firebase Notification connected...
2024-06-25 10:49:41 [32minfo[39m: Firebase connected...
2024-06-25 10:49:41 [32minfo[39m: Firebase Notification connected...
2024-06-25 10:49:43 [32minfo[39m: Firebase connected...
2024-06-25 10:49:43 [32minfo[39m: Firebase Notification connected...
2024-06-25 10:49:46 [32minfo[39m: Firebase connected...
2024-06-25 10:49:46 [32minfo[39m: Firebase Notification connected...
2024-06-25 10:51:37 [32minfo[39m: Firebase connected...
2024-06-25 10:51:37 [32minfo[39m: Firebase Notification connected...
2024-06-25 10:51:40 [32minfo[39m: Firebase connected...
2024-06-25 10:51:40 [32minfo[39m: Firebase Notification connected...
2024-06-25 10:52:56 [32minfo[39m: Firebase connected...
2024-06-25 10:52:56 [32minfo[39m: Firebase Notification connected...
2024-06-25 10:56:15 [32minfo[39m: Firebase connected...
2024-06-25 10:56:15 [32minfo[39m: Firebase Notification connected...
2024-06-25 10:59:43 [32minfo[39m: Firebase connected...
2024-06-25 10:59:46 [32minfo[39m: Firebase connected...
2024-06-25 10:59:43 [32minfo[39m: Firebase Notification connected...
2024-06-25 10:59:46 [32minfo[39m: Firebase Notification connected...
2024-06-25 10:59:48 [32minfo[39m: Firebase connected...
2024-06-25 10:59:48 [32minfo[39m: Firebase Notification connected...
2024-06-25 10:59:51 [32minfo[39m: Firebase connected...
2024-06-25 10:59:51 [32minfo[39m: Firebase Notification connected...
2024-06-25 10:59:53 [32minfo[39m: Firebase connected...
2024-06-25 10:59:53 [32minfo[39m: Firebase Notification connected...
2024-06-25 10:59:56 [32minfo[39m: Firebase connected...
2024-06-25 10:59:56 [32minfo[39m: Firebase Notification connected...
2024-06-25 10:59:59 [32minfo[39m: Firebase connected...
2024-06-25 10:59:59 [32minfo[39m: Firebase Notification connected...
2024-06-25 11:00:01 [32minfo[39m: Firebase connected...
2024-06-25 11:00:01 [32minfo[39m: Firebase Notification connected...
2024-06-25 11:00:04 [32minfo[39m: Firebase connected...
2024-06-25 11:00:04 [32minfo[39m: Firebase Notification connected...
2024-06-25 11:00:07 [32minfo[39m: Firebase connected...
2024-06-25 11:00:07 [32minfo[39m: Firebase Notification connected...
2024-06-25 11:00:09 [32minfo[39m: Firebase connected...
2024-06-25 11:00:09 [32minfo[39m: Firebase Notification connected...
2024-06-25 11:00:12 [32minfo[39m: Firebase connected...
2024-06-25 11:00:12 [32minfo[39m: Firebase Notification connected...
2024-06-25 11:00:15 [32minfo[39m: Firebase connected...
2024-06-25 11:00:15 [32minfo[39m: Firebase Notification connected...
2024-06-25 11:00:18 [32minfo[39m: Firebase connected...
2024-06-25 11:00:18 [32minfo[39m: Firebase Notification connected...
2024-06-25 11:00:20 [32minfo[39m: Firebase connected...
2024-06-25 11:00:20 [32minfo[39m: Firebase Notification connected...
2024-06-25 11:00:23 [32minfo[39m: Firebase connected...
2024-06-25 11:00:23 [32minfo[39m: Firebase Notification connected...
2024-06-25 11:00:26 [32minfo[39m: Firebase connected...
2024-06-25 11:00:26 [32minfo[39m: Firebase Notification connected...
2024-06-25 11:00:29 [32minfo[39m: Firebase connected...
2024-06-25 11:00:29 [32minfo[39m: Firebase Notification connected...
2024-06-25 11:00:31 [32minfo[39m: Firebase connected...
2024-06-25 11:00:31 [32minfo[39m: Firebase Notification connected...
2024-06-25 11:00:35 [32minfo[39m: Firebase connected...
2024-06-25 11:00:35 [32minfo[39m: Firebase Notification connected...
2024-06-25 11:00:55 [32minfo[39m: Firebase connected...
2024-06-25 11:00:55 [32minfo[39m: Firebase Notification connected...
2024-06-25 11:00:57 [32minfo[39m: Firebase connected...
2024-06-25 11:00:57 [32minfo[39m: Firebase Notification connected...
2024-06-25 11:01:00 [32minfo[39m: Firebase connected...
2024-06-25 11:01:00 [32minfo[39m: Firebase Notification connected...
2024-06-25 11:01:03 [32minfo[39m: Firebase connected...
2024-06-25 11:01:03 [32minfo[39m: Firebase Notification connected...
2024-06-25 11:01:05 [32minfo[39m: Firebase connected...
2024-06-25 11:01:05 [32minfo[39m: Firebase Notification connected...
2024-06-25 11:01:08 [32minfo[39m: Firebase connected...
2024-06-25 11:01:08 [32minfo[39m: Firebase Notification connected...
2024-06-25 11:01:10 [32minfo[39m: Firebase connected...
2024-06-25 11:01:10 [32minfo[39m: Firebase Notification connected...
2024-06-25 11:01:13 [32minfo[39m: Firebase connected...
2024-06-25 11:01:13 [32minfo[39m: Firebase Notification connected...
2024-06-25 11:01:16 [32minfo[39m: Firebase connected...
2024-06-25 11:01:16 [32minfo[39m: Firebase Notification connected...
2024-06-25 11:01:18 [32minfo[39m: Firebase connected...
2024-06-25 11:01:18 [32minfo[39m: Firebase Notification connected...
2024-06-25 11:01:21 [32minfo[39m: Firebase connected...
2024-06-25 11:01:21 [32minfo[39m: Firebase Notification connected...
2024-06-25 11:01:24 [32minfo[39m: Firebase connected...
2024-06-25 11:01:24 [32minfo[39m: Firebase Notification connected...
2024-06-25 11:01:27 [32minfo[39m: Firebase connected...
2024-06-25 11:01:27 [32minfo[39m: Firebase Notification connected...
2024-06-25 11:01:30 [32minfo[39m: Firebase connected...
2024-06-25 11:01:30 [32minfo[39m: Firebase Notification connected...
2024-06-25 11:01:33 [32minfo[39m: Firebase connected...
2024-06-25 11:01:33 [32minfo[39m: Firebase Notification connected...
2024-06-25 11:01:35 [32minfo[39m: Firebase connected...
2024-06-25 11:01:35 [32minfo[39m: Firebase Notification connected...
2024-06-25 11:01:38 [32minfo[39m: Firebase connected...
2024-06-25 11:01:38 [32minfo[39m: Firebase Notification connected...
2024-06-25 11:01:41 [32minfo[39m: Firebase connected...
2024-06-25 11:01:41 [32minfo[39m: Firebase Notification connected...
2024-06-25 11:01:44 [32minfo[39m: Firebase connected...
2024-06-25 11:01:44 [32minfo[39m: Firebase Notification connected...
2024-06-25 11:01:48 [32minfo[39m: Firebase connected...
2024-06-25 11:01:48 [32minfo[39m: Firebase Notification connected...
2024-06-25 11:20:05 [32minfo[39m: Firebase connected...
2024-06-25 11:20:05 [32minfo[39m: Firebase Notification connected...
2024-06-25 11:20:07 [32minfo[39m: Firebase connected...
2024-06-25 11:20:07 [32minfo[39m: Firebase Notification connected...
2024-06-25 11:20:10 [32minfo[39m: Firebase connected...
2024-06-25 11:20:10 [32minfo[39m: Firebase Notification connected...
2024-06-25 11:20:12 [32minfo[39m: Firebase connected...
2024-06-25 11:20:12 [32minfo[39m: Firebase Notification connected...
2024-06-25 11:20:15 [32minfo[39m: Firebase connected...
2024-06-25 11:20:15 [32minfo[39m: Firebase Notification connected...
2024-06-25 11:20:18 [32minfo[39m: Firebase connected...
2024-06-25 11:20:18 [32minfo[39m: Firebase Notification connected...
2024-06-25 11:20:20 [32minfo[39m: Firebase connected...
2024-06-25 11:20:20 [32minfo[39m: Firebase Notification connected...
2024-06-25 11:20:23 [32minfo[39m: Firebase connected...
2024-06-25 11:20:23 [32minfo[39m: Firebase Notification connected...
2024-06-25 11:20:26 [32minfo[39m: Firebase connected...
2024-06-25 11:20:26 [32minfo[39m: Firebase Notification connected...
2024-06-25 11:20:29 [32minfo[39m: Firebase connected...
2024-06-25 11:20:29 [32minfo[39m: Firebase Notification connected...
2024-06-25 11:20:31 [32minfo[39m: Firebase connected...
2024-06-25 11:20:31 [32minfo[39m: Firebase Notification connected...
2024-06-25 11:20:34 [32minfo[39m: Firebase connected...
2024-06-25 11:20:34 [32minfo[39m: Firebase Notification connected...
2024-06-25 11:20:37 [32minfo[39m: Firebase connected...
2024-06-25 11:20:37 [32minfo[39m: Firebase Notification connected...
2024-06-25 11:20:40 [32minfo[39m: Firebase connected...
2024-06-25 11:20:40 [32minfo[39m: Firebase Notification connected...
2024-06-25 11:20:43 [32minfo[39m: Firebase connected...
2024-06-25 11:20:43 [32minfo[39m: Firebase Notification connected...
2024-06-25 11:20:47 [32minfo[39m: Firebase connected...
2024-06-25 11:20:47 [32minfo[39m: Firebase Notification connected...
2024-06-25 11:20:50 [32minfo[39m: Firebase connected...
2024-06-25 11:20:50 [32minfo[39m: Firebase Notification connected...
2024-06-25 11:21:49 [32minfo[39m: Firebase connected...
2024-06-25 11:21:49 [32minfo[39m: Firebase Notification connected...
2024-06-25 11:21:51 [32minfo[39m: Firebase connected...
2024-06-25 11:21:51 [32minfo[39m: Firebase Notification connected...
2024-06-25 11:21:54 [32minfo[39m: Firebase connected...
2024-06-25 11:21:54 [32minfo[39m: Firebase Notification connected...
2024-06-25 11:21:57 [32minfo[39m: Firebase connected...
2024-06-25 11:21:57 [32minfo[39m: Firebase Notification connected...
2024-06-25 11:21:59 [32minfo[39m: Firebase connected...
2024-06-25 11:21:59 [32minfo[39m: Firebase Notification connected...
2024-06-25 11:23:15 [32minfo[39m: Firebase connected...
2024-06-25 11:23:15 [32minfo[39m: Firebase Notification connected...
2024-06-25 11:23:18 [32minfo[39m: Firebase connected...
2024-06-25 11:23:18 [32minfo[39m: Firebase Notification connected...
2024-06-25 11:23:47 [32minfo[39m: Firebase connected...
2024-06-25 11:23:47 [32minfo[39m: Firebase Notification connected...
2024-06-25 11:27:55 [32minfo[39m: Firebase connected...
2024-06-25 11:27:56 [32minfo[39m: Firebase Notification connected...
2024-06-25 11:27:59 [32minfo[39m: Firebase connected...
2024-06-25 11:27:59 [32minfo[39m: Firebase Notification connected...
2024-06-25 11:28:53 [32minfo[39m: Firebase connected...
2024-06-25 11:28:54 [32minfo[39m: Firebase Notification connected...
2024-06-25 11:28:56 [32minfo[39m: Firebase connected...
2024-06-25 11:28:56 [32minfo[39m: Firebase Notification connected...
2024-06-25 11:28:59 [32minfo[39m: Firebase connected...
2024-06-25 11:28:59 [32minfo[39m: Firebase Notification connected...
2024-06-25 11:29:01 [32minfo[39m: Firebase connected...
2024-06-25 11:29:01 [32minfo[39m: Firebase Notification connected...
2024-06-25 11:29:04 [32minfo[39m: Firebase connected...
2024-06-25 11:29:04 [32minfo[39m: Firebase Notification connected...
2024-06-25 11:29:06 [32minfo[39m: Firebase connected...
2024-06-25 11:29:06 [32minfo[39m: Firebase Notification connected...
2024-06-25 11:29:09 [32minfo[39m: Firebase connected...
2024-06-25 11:29:09 [32minfo[39m: Firebase Notification connected...
2024-06-25 11:29:11 [32minfo[39m: Firebase connected...
2024-06-25 11:29:11 [32minfo[39m: Firebase Notification connected...
2024-06-25 11:29:14 [32minfo[39m: Firebase connected...
2024-06-25 11:29:14 [32minfo[39m: Firebase Notification connected...
2024-06-25 11:29:17 [32minfo[39m: Firebase connected...
2024-06-25 11:29:17 [32minfo[39m: Firebase Notification connected...
2024-06-25 11:29:19 [32minfo[39m: Firebase connected...
2024-06-25 11:29:19 [32minfo[39m: Firebase Notification connected...
2024-06-25 11:29:22 [32minfo[39m: Firebase connected...
2024-06-25 11:29:22 [32minfo[39m: Firebase Notification connected...
2024-06-25 11:29:25 [32minfo[39m: Firebase connected...
2024-06-25 11:29:25 [32minfo[39m: Firebase Notification connected...
2024-06-25 11:29:25 [32minfo[39m: Fetching conditions from conditions.txt
2024-06-25 11:29:25 [32minfo[39m: Conditions fetched successfully
2024-06-25 11:29:28 [32minfo[39m: Firebase connected...
2024-06-25 11:29:28 [32minfo[39m: Firebase Notification connected...
2024-06-25 11:29:30 [32minfo[39m: Firebase connected...
2024-06-25 11:29:30 [32minfo[39m: Firebase Notification connected...
2024-06-25 11:29:33 [32minfo[39m: Firebase connected...
2024-06-25 11:29:33 [32minfo[39m: Firebase Notification connected...
2024-06-25 11:29:36 [32minfo[39m: Firebase connected...
2024-06-25 11:29:36 [32minfo[39m: Firebase Notification connected...
2024-06-25 11:29:39 [32minfo[39m: Firebase connected...
2024-06-25 11:29:39 [32minfo[39m: Firebase Notification connected...
2024-06-25 11:29:42 [32minfo[39m: Firebase connected...
2024-06-25 11:29:42 [32minfo[39m: Firebase Notification connected...
2024-06-25 11:29:45 [32minfo[39m: Firebase connected...
2024-06-25 11:29:45 [32minfo[39m: Firebase Notification connected...
2024-06-25 11:32:42 [32minfo[39m: Firebase connected...
2024-06-25 11:32:42 [32minfo[39m: Firebase Notification connected...
2024-06-25 11:32:45 [32minfo[39m: Firebase connected...
2024-06-25 11:32:45 [32minfo[39m: Firebase Notification connected...
2024-06-25 11:32:48 [32minfo[39m: Firebase connected...
2024-06-25 11:32:48 [32minfo[39m: Firebase Notification connected...
2024-06-25 11:32:51 [32minfo[39m: Firebase connected...
2024-06-25 11:32:51 [32minfo[39m: Firebase Notification connected...
2024-06-25 11:32:53 [32minfo[39m: Firebase connected...
2024-06-25 11:32:53 [32minfo[39m: Firebase Notification connected...
2024-06-25 11:34:59 [32minfo[39m: Firebase connected...
2024-06-25 11:34:59 [32minfo[39m: Firebase Notification connected...
2024-06-25 11:35:02 [32minfo[39m: Firebase connected...
2024-06-25 11:35:02 [32minfo[39m: Firebase Notification connected...
2024-06-25 11:35:05 [32minfo[39m: Firebase connected...
2024-06-25 11:35:05 [32minfo[39m: Firebase Notification connected...
2024-06-25 11:35:08 [32minfo[39m: Firebase connected...
2024-06-25 11:35:08 [32minfo[39m: Firebase Notification connected...
2024-06-25 11:35:11 [32minfo[39m: Firebase connected...
2024-06-25 11:35:11 [32minfo[39m: Firebase Notification connected...
2024-06-25 11:35:13 [32minfo[39m: Firebase connected...
2024-06-25 11:35:13 [32minfo[39m: Firebase Notification connected...
2024-06-25 11:35:16 [32minfo[39m: Firebase connected...
2024-06-25 11:35:16 [32minfo[39m: Firebase Notification connected...
2024-06-25 11:35:19 [32minfo[39m: Firebase connected...
2024-06-25 11:35:19 [32minfo[39m: Firebase Notification connected...
2024-06-25 11:35:22 [32minfo[39m: Firebase connected...
2024-06-25 11:35:22 [32minfo[39m: Firebase Notification connected...
2024-06-25 11:35:25 [32minfo[39m: Firebase connected...
2024-06-25 11:35:25 [32minfo[39m: Firebase Notification connected...
2024-06-25 11:35:28 [32minfo[39m: Firebase connected...
2024-06-25 11:35:28 [32minfo[39m: Firebase Notification connected...
2024-06-25 11:35:31 [32minfo[39m: Firebase connected...
2024-06-25 11:35:31 [32minfo[39m: Firebase Notification connected...
2024-06-25 11:35:34 [32minfo[39m: Firebase connected...
2024-06-25 11:35:34 [32minfo[39m: Firebase Notification connected...
2024-06-25 11:35:37 [32minfo[39m: Firebase connected...
2024-06-25 11:35:37 [32minfo[39m: Firebase Notification connected...
2024-06-25 11:35:40 [32minfo[39m: Firebase connected...
2024-06-25 11:35:40 [32minfo[39m: Firebase Notification connected...
2024-06-25 11:35:43 [32minfo[39m: Firebase connected...
2024-06-25 11:35:43 [32minfo[39m: Firebase Notification connected...
2024-06-25 11:35:46 [32minfo[39m: Firebase connected...
2024-06-25 11:35:46 [32minfo[39m: Firebase Notification connected...
2024-06-25 11:35:49 [32minfo[39m: Firebase connected...
2024-06-25 11:35:49 [32minfo[39m: Firebase Notification connected...
2024-06-25 11:35:52 [32minfo[39m: Firebase connected...
2024-06-25 11:35:52 [32minfo[39m: Firebase Notification connected...
2024-06-25 11:35:55 [32minfo[39m: Firebase connected...
2024-06-25 11:35:55 [32minfo[39m: Firebase Notification connected...
2024-06-25 11:35:56 [32minfo[39m: Fetching conditions from conditions.txt
2024-06-25 11:35:56 [32minfo[39m: Conditions fetched successfully
2024-06-25 11:36:43 [32minfo[39m: Firebase connected...
2024-06-25 11:36:43 [32minfo[39m: Firebase Notification connected...
2024-06-25 11:36:46 [32minfo[39m: Firebase connected...
2024-06-25 11:36:46 [32minfo[39m: Firebase Notification connected...
2024-06-25 11:37:32 [32minfo[39m: Firebase connected...
2024-06-25 11:37:32 [32minfo[39m: Firebase Notification connected...
2024-06-25 11:37:35 [32minfo[39m: Firebase connected...
2024-06-25 11:37:35 [32minfo[39m: Firebase Notification connected...
2024-06-25 11:37:38 [32minfo[39m: Firebase connected...
2024-06-25 11:37:38 [32minfo[39m: Firebase Notification connected...
2024-06-25 11:37:41 [32minfo[39m: Firebase connected...
2024-06-25 11:37:41 [32minfo[39m: Firebase Notification connected...
2024-06-25 11:37:44 [32minfo[39m: Firebase connected...
2024-06-25 11:37:44 [32minfo[39m: Firebase Notification connected...
2024-06-25 11:37:47 [32minfo[39m: Firebase connected...
2024-06-25 11:37:47 [32minfo[39m: Firebase Notification connected...
2024-06-25 11:37:49 [32minfo[39m: Firebase connected...
2024-06-25 11:37:49 [32minfo[39m: Firebase Notification connected...
2024-06-25 11:37:52 [32minfo[39m: Firebase connected...
2024-06-25 11:37:52 [32minfo[39m: Firebase Notification connected...
2024-06-25 11:37:55 [32minfo[39m: Firebase connected...
2024-06-25 11:37:55 [32minfo[39m: Firebase Notification connected...
2024-06-25 11:37:58 [32minfo[39m: Firebase connected...
2024-06-25 11:37:58 [32minfo[39m: Firebase Notification connected...
2024-06-25 11:38:00 [32minfo[39m: Firebase connected...
2024-06-25 11:38:00 [32minfo[39m: Firebase Notification connected...
2024-06-25 11:38:03 [32minfo[39m: Firebase connected...
2024-06-25 11:38:03 [32minfo[39m: Firebase Notification connected...
2024-06-25 11:38:06 [32minfo[39m: Firebase connected...
2024-06-25 11:38:06 [32minfo[39m: Firebase Notification connected...
2024-06-25 11:38:09 [32minfo[39m: Firebase connected...
2024-06-25 11:38:09 [32minfo[39m: Firebase Notification connected...
2024-06-25 11:38:12 [32minfo[39m: Firebase connected...
2024-06-25 11:38:12 [32minfo[39m: Firebase Notification connected...
2024-06-25 11:38:15 [32minfo[39m: Firebase connected...
2024-06-25 11:38:15 [32minfo[39m: Firebase Notification connected...
2024-06-25 11:38:18 [32minfo[39m: Firebase connected...
2024-06-25 11:38:18 [32minfo[39m: Firebase Notification connected...
2024-06-25 11:38:30 [32minfo[39m: Firebase connected...
2024-06-25 11:38:30 [32minfo[39m: Firebase Notification connected...
2024-06-25 11:38:33 [32minfo[39m: Firebase connected...
2024-06-25 11:38:33 [32minfo[39m: Firebase Notification connected...
2024-06-25 11:40:01 [32minfo[39m: Firebase connected...
2024-06-25 11:40:01 [32minfo[39m: Firebase Notification connected...
2024-06-25 11:40:53 [32minfo[39m: Firebase connected...
2024-06-25 11:40:53 [32minfo[39m: Firebase Notification connected...
2024-06-25 11:42:31 [32minfo[39m: Firebase connected...
2024-06-25 11:42:31 [32minfo[39m: Firebase Notification connected...
2024-06-25 11:42:33 [32minfo[39m: Firebase connected...
2024-06-25 11:42:33 [32minfo[39m: Firebase Notification connected...
2024-06-25 11:42:36 [32minfo[39m: Firebase connected...
2024-06-25 11:42:36 [32minfo[39m: Firebase Notification connected...
2024-06-25 11:42:39 [32minfo[39m: Firebase connected...
2024-06-25 11:42:39 [32minfo[39m: Firebase Notification connected...
2024-06-25 11:42:41 [32minfo[39m: Firebase connected...
2024-06-25 11:42:41 [32minfo[39m: Firebase Notification connected...
2024-06-25 11:42:44 [32minfo[39m: Firebase connected...
2024-06-25 11:42:44 [32minfo[39m: Firebase Notification connected...
2024-06-25 11:42:47 [32minfo[39m: Firebase connected...
2024-06-25 11:42:47 [32minfo[39m: Firebase Notification connected...
2024-06-25 11:42:49 [32minfo[39m: Firebase connected...
2024-06-25 11:42:49 [32minfo[39m: Firebase Notification connected...
2024-06-25 11:42:52 [32minfo[39m: Firebase connected...
2024-06-25 11:42:52 [32minfo[39m: Firebase Notification connected...
2024-06-25 11:42:55 [32minfo[39m: Firebase connected...
2024-06-25 11:42:55 [32minfo[39m: Firebase Notification connected...
2024-06-25 11:42:57 [32minfo[39m: Firebase connected...
2024-06-25 11:42:57 [32minfo[39m: Firebase Notification connected...
2024-06-25 11:43:00 [32minfo[39m: Firebase connected...
2024-06-25 11:43:00 [32minfo[39m: Firebase Notification connected...
2024-06-25 11:43:03 [32minfo[39m: Firebase connected...
2024-06-25 11:43:03 [32minfo[39m: Firebase Notification connected...
2024-06-25 11:43:06 [32minfo[39m: Firebase connected...
2024-06-25 11:43:06 [32minfo[39m: Firebase Notification connected...
2024-06-25 11:46:11 [32minfo[39m: Firebase connected...
2024-06-25 11:46:11 [32minfo[39m: Firebase Notification connected...
2024-06-25 11:46:14 [32minfo[39m: Firebase connected...
2024-06-25 11:46:14 [32minfo[39m: Firebase Notification connected...
2024-06-25 11:46:16 [32minfo[39m: Firebase connected...
2024-06-25 11:46:16 [32minfo[39m: Firebase Notification connected...
2024-06-25 11:46:19 [32minfo[39m: Firebase connected...
2024-06-25 11:46:19 [32minfo[39m: Firebase Notification connected...
2024-06-25 11:46:21 [32minfo[39m: Firebase connected...
2024-06-25 11:46:21 [32minfo[39m: Firebase Notification connected...
2024-06-25 11:46:24 [32minfo[39m: Firebase connected...
2024-06-25 11:46:24 [32minfo[39m: Firebase Notification connected...
2024-06-25 11:46:27 [32minfo[39m: Firebase connected...
2024-06-25 11:46:27 [32minfo[39m: Firebase Notification connected...
2024-06-25 11:46:30 [32minfo[39m: Firebase connected...
2024-06-25 11:46:30 [32minfo[39m: Firebase Notification connected...
2024-06-25 11:46:32 [32minfo[39m: Firebase connected...
2024-06-25 11:46:32 [32minfo[39m: Firebase Notification connected...
2024-06-25 11:46:35 [32minfo[39m: Firebase connected...
2024-06-25 11:46:35 [32minfo[39m: Firebase Notification connected...
2024-06-25 11:46:38 [32minfo[39m: Firebase connected...
2024-06-25 11:46:38 [32minfo[39m: Firebase Notification connected...
2024-06-25 11:46:41 [32minfo[39m: Firebase connected...
2024-06-25 11:46:41 [32minfo[39m: Firebase Notification connected...
2024-06-25 11:46:43 [32minfo[39m: Firebase connected...
2024-06-25 11:46:43 [32minfo[39m: Firebase Notification connected...
2024-06-25 11:46:46 [32minfo[39m: Firebase connected...
2024-06-25 11:46:46 [32minfo[39m: Firebase Notification connected...
2024-06-25 11:46:49 [32minfo[39m: Firebase connected...
2024-06-25 11:46:49 [32minfo[39m: Firebase Notification connected...
2024-06-25 11:46:52 [32minfo[39m: Firebase connected...
2024-06-25 11:46:52 [32minfo[39m: Firebase Notification connected...
2024-06-25 11:46:55 [32minfo[39m: Firebase connected...
2024-06-25 11:46:55 [32minfo[39m: Firebase Notification connected...
2024-06-25 11:46:57 [32minfo[39m: Firebase connected...
2024-06-25 11:46:57 [32minfo[39m: Firebase Notification connected...
2024-06-25 11:47:00 [32minfo[39m: Firebase connected...
2024-06-25 11:47:00 [32minfo[39m: Firebase Notification connected...
2024-06-25 11:47:04 [32minfo[39m: Firebase connected...
2024-06-25 11:47:04 [32minfo[39m: Firebase Notification connected...
2024-06-25 11:47:04 [32minfo[39m: Fetching conditions from conditions.txt
2024-06-25 11:47:04 [32minfo[39m: Conditions fetched successfully
2024-06-25 12:49:32 [32minfo[39m: Firebase connected...
2024-06-25 12:49:35 [32minfo[39m: Firebase connected...
2024-06-25 12:49:32 [32minfo[39m: Firebase Notification connected...
2024-06-25 12:49:35 [32minfo[39m: Firebase Notification connected...
2024-06-25 12:49:37 [32minfo[39m: Firebase connected...
2024-06-25 12:49:37 [32minfo[39m: Firebase Notification connected...
2024-06-25 12:49:40 [32minfo[39m: Firebase connected...
2024-06-25 12:49:40 [32minfo[39m: Firebase Notification connected...
2024-06-25 12:49:42 [32minfo[39m: Firebase connected...
2024-06-25 12:49:42 [32minfo[39m: Firebase Notification connected...
2024-06-25 12:49:44 [32minfo[39m: Firebase connected...
2024-06-25 12:49:44 [32minfo[39m: Firebase Notification connected...
2024-06-25 12:49:47 [32minfo[39m: Firebase connected...
2024-06-25 12:49:47 [32minfo[39m: Firebase Notification connected...
2024-06-25 12:49:49 [32minfo[39m: Firebase connected...
2024-06-25 12:49:49 [32minfo[39m: Firebase Notification connected...
2024-06-25 12:49:52 [32minfo[39m: Firebase connected...
2024-06-25 12:49:52 [32minfo[39m: Firebase Notification connected...
2024-06-25 12:49:54 [32minfo[39m: Firebase connected...
2024-06-25 12:49:54 [32minfo[39m: Firebase Notification connected...
2024-06-25 12:49:57 [32minfo[39m: Firebase connected...
2024-06-25 12:49:57 [32minfo[39m: Firebase Notification connected...
2024-06-25 12:50:00 [32minfo[39m: Firebase connected...
2024-06-25 12:50:00 [32minfo[39m: Firebase Notification connected...
2024-06-25 12:50:00 [32minfo[39m: Fetching conditions from conditions.txt
2024-06-25 12:50:00 [32minfo[39m: Conditions fetched successfully
2024-06-25 12:50:02 [32minfo[39m: Firebase connected...
2024-06-25 12:50:02 [32minfo[39m: Firebase Notification connected...
2024-06-25 12:50:05 [32minfo[39m: Firebase connected...
2024-06-25 12:50:05 [32minfo[39m: Firebase Notification connected...
2024-06-25 12:50:07 [32minfo[39m: Firebase connected...
2024-06-25 12:50:08 [32minfo[39m: Firebase Notification connected...
2024-06-25 12:50:10 [32minfo[39m: Firebase connected...
2024-06-25 12:50:10 [32minfo[39m: Firebase Notification connected...
2024-06-25 12:50:13 [32minfo[39m: Firebase connected...
2024-06-25 12:50:13 [32minfo[39m: Firebase Notification connected...
2024-06-25 12:50:16 [32minfo[39m: Firebase connected...
2024-06-25 12:50:16 [32minfo[39m: Firebase Notification connected...
2024-06-25 12:50:18 [32minfo[39m: Firebase connected...
2024-06-25 12:50:18 [32minfo[39m: Firebase Notification connected...
2024-07-09 08:11:49 [32minfo[39m: Firebase connected...
2024-07-09 08:12:45 [32minfo[39m: Firebase connected...
2024-07-09 08:12:45 [32minfo[39m: Firebase Notification connected...
2024-07-09 08:12:46 [32minfo[39m: Server started on port 4000
2024-07-09 08:51:52 [32minfo[39m: Firebase connected...
2024-07-09 08:51:52 [32minfo[39m: Firebase Notification connected...
2024-07-09 08:51:53 [33mwarn[39m: Invalid username format: 12
